{
  "RSpec": {
    "coverage": {
      "/Users/samsmith/3module/projects/viewing-party/app/helpers/application_helper.rb": {
        "lines": [
          null,
          null,
          1,
          null
        ]
      },
      "/Users/samsmith/3module/projects/viewing-party/app/facades/movie_facade.rb": {
        "lines": [
          null,
          null,
          1,
          1,
          2,
          null,
          2,
          40,
          null,
          null,
          null,
          1,
          4,
          null,
          3,
          null,
          3,
          41,
          null,
          null,
          null,
          1,
          7,
          7,
          null,
          null,
          1,
          5,
          null,
          5,
          150,
          null,
          null,
          null,
          1,
          5,
          5,
          20,
          null,
          null,
          null
        ]
      },
      "/Users/samsmith/3module/projects/viewing-party/app/models/party.rb": {
        "lines": [
          null,
          null,
          1,
          1,
          null,
          1,
          1,
          null
        ]
      },
      "/Users/samsmith/3module/projects/viewing-party/app/models/application_record.rb": {
        "lines": [
          null,
          null,
          1,
          1,
          null
        ]
      },
      "/Users/samsmith/3module/projects/viewing-party/app/models/party_user.rb": {
        "lines": [
          null,
          null,
          1,
          1,
          1,
          null
        ]
      },
      "/Users/samsmith/3module/projects/viewing-party/app/models/user.rb": {
        "lines": [
          null,
          null,
          1,
          1,
          1,
          null,
          1,
          1,
          null
        ]
      },
      "/Users/samsmith/3module/projects/viewing-party/app/poros/movie_review.rb": {
        "lines": [
          null,
          null,
          1,
          1,
          null,
          null,
          null,
          1,
          22,
          22,
          22,
          null,
          null
        ]
      },
      "/Users/samsmith/3module/projects/viewing-party/app/poros/movie.rb": {
        "lines": [
          null,
          null,
          1,
          1,
          null,
          null,
          null,
          null,
          null,
          null,
          null,
          null,
          null,
          1,
          89,
          89,
          89,
          89,
          89,
          89,
          89,
          89,
          null,
          null,
          1,
          5,
          5,
          5,
          null,
          null
        ]
      },
      "/Users/samsmith/3module/projects/viewing-party/app/services/movie_service.rb": {
        "lines": [
          null,
          null,
          1,
          1,
          3,
          3,
          null,
          null,
          1,
          3,
          3,
          null,
          null,
          1,
          7,
          7,
          null,
          null,
          1,
          5,
          5,
          null,
          null,
          1,
          5,
          5,
          null,
          null,
          1,
          23,
          23,
          null,
          null,
          null
        ]
      },
      "/Users/samsmith/3module/projects/viewing-party/app/controllers/discover_controller.rb": {
        "lines": [
          null,
          null,
          1,
          1,
          8,
          null,
          null
        ]
      },
      "/Users/samsmith/3module/projects/viewing-party/app/controllers/application_controller.rb": {
        "lines": [
          null,
          null,
          1,
          null
        ]
      },
      "/Users/samsmith/3module/projects/viewing-party/app/controllers/movies_controller.rb": {
        "lines": [
          null,
          null,
          1,
          1,
          4,
          null,
          null,
          1,
          5,
          5,
          5,
          5,
          null,
          null
        ]
      },
      "/Users/samsmith/3module/projects/viewing-party/app/controllers/welcome_controller.rb": {
        "lines": [
          null,
          null,
          1,
          1,
          5,
          null,
          null
        ]
      },
      "/Users/samsmith/3module/projects/viewing-party/app/poros/movie_cast.rb": {
        "lines": [
          null,
          null,
          1,
          1,
          null,
          null,
          1,
          150,
          150,
          null,
          null
        ]
      },
      "/Users/samsmith/3module/projects/viewing-party/app/controllers/parties_controller.rb": {
        "lines": [
          null,
          null,
          1,
          1,
          2,
          2,
          2,
          null,
          null,
          1,
          1,
          1,
          null,
          null
        ]
      },
      "/Users/samsmith/3module/projects/viewing-party/app/controllers/users_controller.rb": {
        "lines": [
          null,
          null,
          1,
          1,
          5,
          null,
          null,
          1,
          3,
          3,
          1,
          null,
          2,
          null,
          null,
          null,
          1,
          6,
          null,
          null,
          1,
          null,
          1,
          3,
          null,
          null
        ]
      },
      "/Users/samsmith/3module/projects/viewing-party/app/mailers/application_mailer.rb": {
        "lines": [
          null,
          null,
          0,
          0,
          0,
          0
        ],
        "branches": {
        }
      },
      "/Users/samsmith/3module/projects/viewing-party/app/jobs/application_job.rb": {
        "lines": [
          null,
          null,
          0,
          0
        ],
        "branches": {
        }
      },
      "/Users/samsmith/3module/projects/viewing-party/app/channels/application_cable/connection.rb": {
        "lines": [
          null,
          null,
          0,
          0,
          0,
          0
        ],
        "branches": {
        }
      },
      "/Users/samsmith/3module/projects/viewing-party/app/channels/application_cable/channel.rb": {
        "lines": [
          null,
          null,
          0,
          0,
          0,
          0
        ],
        "branches": {
        }
      }
    },
    "timestamp": 1652488003
  }
}
